{"/Users/dana/d4lton/libraries/node-backend/src/index.ts": {"path":"/Users/dana/d4lton/libraries/node-backend/src/index.ts","statementMap":{"0":{"start":{"line":5,"column":0},"end":{"line":5,"column":8}},"1":{"start":{"line":5,"column":8},"end":{"line":5,"column":39}},"2":{"start":{"line":6,"column":0},"end":{"line":6,"column":8}},"3":{"start":{"line":6,"column":8},"end":{"line":6,"column":55}},"4":{"start":{"line":7,"column":0},"end":{"line":7,"column":8}},"5":{"start":{"line":7,"column":8},"end":{"line":7,"column":45}},"6":{"start":{"line":8,"column":0},"end":{"line":8,"column":8}},"7":{"start":{"line":8,"column":8},"end":{"line":8,"column":42}},"8":{"start":{"line":9,"column":0},"end":{"line":9,"column":8}},"9":{"start":{"line":9,"column":8},"end":{"line":9,"column":36}},"10":{"start":{"line":10,"column":0},"end":{"line":10,"column":8}},"11":{"start":{"line":10,"column":8},"end":{"line":10,"column":44}},"12":{"start":{"line":11,"column":0},"end":{"line":11,"column":8}},"13":{"start":{"line":11,"column":8},"end":{"line":11,"column":42}},"14":{"start":{"line":12,"column":0},"end":{"line":12,"column":8}},"15":{"start":{"line":12,"column":8},"end":{"line":12,"column":71}}},"fnMap":{"0":{"name":"(anonymous_0)","decl":{"start":{"line":5,"column":8},"end":{"line":5,"column":14}},"loc":{"start":{"line":5,"column":8},"end":{"line":5,"column":39}}},"1":{"name":"(anonymous_1)","decl":{"start":{"line":6,"column":8},"end":{"line":6,"column":22}},"loc":{"start":{"line":6,"column":8},"end":{"line":6,"column":55}}},"2":{"name":"(anonymous_2)","decl":{"start":{"line":7,"column":8},"end":{"line":7,"column":16}},"loc":{"start":{"line":7,"column":8},"end":{"line":7,"column":45}}},"3":{"name":"(anonymous_3)","decl":{"start":{"line":8,"column":8},"end":{"line":8,"column":15}},"loc":{"start":{"line":8,"column":8},"end":{"line":8,"column":42}}},"4":{"name":"(anonymous_4)","decl":{"start":{"line":9,"column":8},"end":{"line":9,"column":13}},"loc":{"start":{"line":9,"column":8},"end":{"line":9,"column":36}}},"5":{"name":"(anonymous_5)","decl":{"start":{"line":10,"column":8},"end":{"line":10,"column":17}},"loc":{"start":{"line":10,"column":8},"end":{"line":10,"column":44}}},"6":{"name":"(anonymous_6)","decl":{"start":{"line":11,"column":8},"end":{"line":11,"column":15}},"loc":{"start":{"line":11,"column":8},"end":{"line":11,"column":42}}},"7":{"name":"(anonymous_7)","decl":{"start":{"line":12,"column":8},"end":{"line":12,"column":19}},"loc":{"start":{"line":12,"column":8},"end":{"line":12,"column":71}}}},"branchMap":{},"s":{"0":2,"1":12,"2":2,"3":2,"4":2,"5":2,"6":2,"7":2,"8":2,"9":2,"10":2,"11":2,"12":2,"13":3,"14":2,"15":2},"f":{"0":10,"1":0,"2":0,"3":0,"4":0,"5":0,"6":1,"7":0},"b":{}}
,"/Users/dana/d4lton/libraries/node-backend/src/config/Config.ts": {"path":"/Users/dana/d4lton/libraries/node-backend/src/config/Config.ts","statementMap":{"0":{"start":{"line":5,"column":0},"end":{"line":5,"column":52}},"1":{"start":{"line":6,"column":0},"end":{"line":6,"column":20}},"2":{"start":{"line":7,"column":0},"end":{"line":7,"column":28}},"3":{"start":{"line":8,"column":0},"end":{"line":8,"column":43}},"4":{"start":{"line":10,"column":15},"end":{"line":10,"column":41}},"5":{"start":{"line":14,"column":24},"end":{"line":14,"column":26}},"6":{"start":{"line":17,"column":4},"end":{"line":17,"column":24}},"7":{"start":{"line":21,"column":4},"end":{"line":21,"column":64}},"8":{"start":{"line":29,"column":4},"end":{"line":35,"column":null}},"9":{"start":{"line":30,"column":19},"end":{"line":30,"column":40}},"10":{"start":{"line":31,"column":21},"end":{"line":31,"column":48}},"11":{"start":{"line":32,"column":6},"end":{"line":32,"column":65}},"12":{"start":{"line":34,"column":6},"end":{"line":34,"column":35}},"13":{"start":{"line":42,"column":4},"end":{"line":42,"column":43}},"14":{"start":{"line":43,"column":4},"end":{"line":43,"column":null}},"15":{"start":{"line":43,"column":91},"end":{"line":43,"column":119}},"16":{"start":{"line":50,"column":4},"end":{"line":50,"column":66}},"17":{"start":{"line":57,"column":4},"end":{"line":57,"column":80}},"18":{"start":{"line":12,"column":0},"end":{"line":12,"column":13}}},"fnMap":{"0":{"name":"(anonymous_1)","decl":{"start":{"line":16,"column":2},"end":{"line":16,"column":8}},"loc":{"start":{"line":16,"column":14},"end":{"line":18,"column":3}}},"1":{"name":"(anonymous_2)","decl":{"start":{"line":20,"column":2},"end":{"line":20,"column":8}},"loc":{"start":{"line":20,"column":26},"end":{"line":22,"column":3}}},"2":{"name":"(anonymous_3)","decl":{"start":{"line":28,"column":2},"end":{"line":28,"column":8}},"loc":{"start":{"line":28,"column":30},"end":{"line":36,"column":3}}},"3":{"name":"(anonymous_4)","decl":{"start":{"line":38,"column":2},"end":{"line":38,"column":8}},"loc":{"start":{"line":38,"column":14},"end":{"line":39,"column":3}}},"4":{"name":"(anonymous_5)","decl":{"start":{"line":41,"column":2},"end":{"line":41,"column":8}},"loc":{"start":{"line":41,"column":43},"end":{"line":44,"column":3}}},"5":{"name":"(anonymous_6)","decl":{"start":{"line":49,"column":2},"end":{"line":49,"column":8}},"loc":{"start":{"line":49,"column":36},"end":{"line":51,"column":3}}},"6":{"name":"(anonymous_7)","decl":{"start":{"line":56,"column":2},"end":{"line":56,"column":8}},"loc":{"start":{"line":56,"column":44},"end":{"line":58,"column":3}}}},"branchMap":{"0":{"loc":{"start":{"line":43,"column":4},"end":{"line":43,"column":null}},"type":"if","locations":[{"start":{"line":43,"column":4},"end":{"line":43,"column":null}}]},"1":{"loc":{"start":{"line":43,"column":8},"end":{"line":43,"column":87}},"type":"binary-expr","locations":[{"start":{"line":43,"column":8},"end":{"line":43,"column":43}},{"start":{"line":43,"column":47},"end":{"line":43,"column":87}}]}},"s":{"0":2,"1":2,"2":2,"3":2,"4":2,"5":2,"6":2,"7":2,"8":0,"9":0,"10":0,"11":0,"12":0,"13":0,"14":0,"15":0,"16":2,"17":4,"18":2},"f":{"0":2,"1":2,"2":0,"3":0,"4":0,"5":2,"6":4},"b":{"0":[0],"1":[0,0]}}
,"/Users/dana/d4lton/libraries/node-backend/src/errors/RateLimitError.ts": {"path":"/Users/dana/d4lton/libraries/node-backend/src/errors/RateLimitError.ts","statementMap":{"0":{"start":{"line":5,"column":0},"end":{"line":5,"column":13}}},"fnMap":{},"branchMap":{},"s":{"0":2},"f":{},"b":{}}
,"/Users/dana/d4lton/libraries/node-backend/src/eventsource/EventSource.ts": {"path":"/Users/dana/d4lton/libraries/node-backend/src/eventsource/EventSource.ts","statementMap":{"0":{"start":{"line":5,"column":0},"end":{"line":5,"column":28}},"1":{"start":{"line":6,"column":0},"end":{"line":6,"column":44}},"2":{"start":{"line":8,"column":15},"end":{"line":8,"column":46}},"3":{"start":{"line":18,"column":32},"end":{"line":18,"column":37}},"4":{"start":{"line":22,"column":4},"end":{"line":22,"column":12}},"5":{"start":{"line":21,"column":21},"end":{"line":21,"column":33}},"6":{"start":{"line":21,"column":42},"end":{"line":21,"column":55}},"7":{"start":{"line":23,"column":4},"end":{"line":23,"column":49}},"8":{"start":{"line":24,"column":4},"end":{"line":24,"column":48}},"9":{"start":{"line":24,"column":35},"end":{"line":24,"column":46}},"10":{"start":{"line":25,"column":4},"end":{"line":25,"column":118}},"11":{"start":{"line":26,"column":4},"end":{"line":26,"column":33}},"12":{"start":{"line":27,"column":4},"end":{"line":27,"column":45}},"13":{"start":{"line":28,"column":4},"end":{"line":28,"column":73}},"14":{"start":{"line":28,"column":60},"end":{"line":28,"column":71}},"15":{"start":{"line":32,"column":4},"end":{"line":42,"column":null}},"16":{"start":{"line":33,"column":6},"end":{"line":39,"column":null}},"17":{"start":{"line":34,"column":8},"end":{"line":34,"column":32}},"18":{"start":{"line":35,"column":8},"end":{"line":35,"column":34}},"19":{"start":{"line":36,"column":8},"end":{"line":36,"column":37}},"20":{"start":{"line":37,"column":8},"end":{"line":37,"column":28}},"21":{"start":{"line":38,"column":8},"end":{"line":38,"column":45}},"22":{"start":{"line":41,"column":6},"end":{"line":41,"column":34}},"23":{"start":{"line":46,"column":4},"end":{"line":46,"column":30}},"24":{"start":{"line":50,"column":4},"end":{"line":50,"column":28}},"25":{"start":{"line":54,"column":4},"end":{"line":54,"column":null}},"26":{"start":{"line":54,"column":27},"end":{"line":54,"column":34}},"27":{"start":{"line":55,"column":4},"end":{"line":55,"column":91}},"28":{"start":{"line":59,"column":4},"end":{"line":59,"column":48}},"29":{"start":{"line":63,"column":4},"end":{"line":63,"column":66}},"30":{"start":{"line":64,"column":4},"end":{"line":68,"column":6}},"31":{"start":{"line":72,"column":4},"end":{"line":72,"column":57}},"32":{"start":{"line":16,"column":0},"end":{"line":16,"column":13}}},"fnMap":{"0":{"name":"(anonymous_1)","decl":{"start":{"line":21,"column":2},"end":{"line":21,"column":21}},"loc":{"start":{"line":21,"column":79},"end":{"line":29,"column":3}}},"1":{"name":"(anonymous_2)","decl":{"start":{"line":24,"column":29},"end":{"line":24,"column":32}},"loc":{"start":{"line":24,"column":35},"end":{"line":24,"column":46}}},"2":{"name":"(anonymous_3)","decl":{"start":{"line":28,"column":54},"end":{"line":28,"column":57}},"loc":{"start":{"line":28,"column":60},"end":{"line":28,"column":71}}},"3":{"name":"(anonymous_4)","decl":{"start":{"line":31,"column":2},"end":{"line":31,"column":6}},"loc":{"start":{"line":31,"column":6},"end":{"line":43,"column":3}}},"4":{"name":"(anonymous_5)","decl":{"start":{"line":45,"column":2},"end":{"line":45,"column":6}},"loc":{"start":{"line":45,"column":15},"end":{"line":47,"column":3}}},"5":{"name":"(anonymous_6)","decl":{"start":{"line":49,"column":2},"end":{"line":49,"column":6}},"loc":{"start":{"line":49,"column":16},"end":{"line":51,"column":3}}},"6":{"name":"(anonymous_7)","decl":{"start":{"line":53,"column":2},"end":{"line":53,"column":11}},"loc":{"start":{"line":53,"column":34},"end":{"line":56,"column":3}}},"7":{"name":"(anonymous_8)","decl":{"start":{"line":58,"column":2},"end":{"line":58,"column":6}},"loc":{"start":{"line":58,"column":6},"end":{"line":60,"column":3}}},"8":{"name":"(anonymous_9)","decl":{"start":{"line":62,"column":2},"end":{"line":62,"column":8}},"loc":{"start":{"line":62,"column":65},"end":{"line":69,"column":3}}},"9":{"name":"(anonymous_10)","decl":{"start":{"line":71,"column":2},"end":{"line":71,"column":8}},"loc":{"start":{"line":71,"column":22},"end":{"line":73,"column":3}}}},"branchMap":{"0":{"loc":{"start":{"line":21,"column":57},"end":{"line":21,"column":79}},"type":"default-arg","locations":[{"start":{"line":21,"column":75},"end":{"line":21,"column":79}}]},"1":{"loc":{"start":{"line":33,"column":6},"end":{"line":39,"column":null}},"type":"if","locations":[{"start":{"line":33,"column":6},"end":{"line":39,"column":null}}]},"2":{"loc":{"start":{"line":54,"column":4},"end":{"line":54,"column":null}},"type":"if","locations":[{"start":{"line":54,"column":4},"end":{"line":54,"column":null}}]},"3":{"loc":{"start":{"line":63,"column":11},"end":{"line":63,"column":65}},"type":"cond-expr","locations":[{"start":{"line":63,"column":38},"end":{"line":63,"column":42}},{"start":{"line":63,"column":45},"end":{"line":63,"column":65}}]},"4":{"loc":{"start":{"line":65,"column":10},"end":{"line":65,"column":26}},"type":"binary-expr","locations":[{"start":{"line":65,"column":10},"end":{"line":65,"column":12}},{"start":{"line":65,"column":16},"end":{"line":65,"column":26}}]}},"s":{"0":2,"1":2,"2":2,"3":0,"4":0,"5":0,"6":0,"7":0,"8":0,"9":0,"10":0,"11":0,"12":0,"13":0,"14":0,"15":0,"16":0,"17":0,"18":0,"19":0,"20":0,"21":0,"22":0,"23":0,"24":0,"25":0,"26":0,"27":0,"28":0,"29":0,"30":0,"31":0,"32":2},"f":{"0":0,"1":0,"2":0,"3":0,"4":0,"5":0,"6":0,"7":0,"8":0,"9":0},"b":{"0":[0],"1":[0],"2":[0],"3":[0,0],"4":[0,0]}}
,"/Users/dana/d4lton/libraries/node-backend/src/firebase/Firebase.ts": {"path":"/Users/dana/d4lton/libraries/node-backend/src/firebase/Firebase.ts","statementMap":{"0":{"start":{"line":5,"column":0},"end":{"line":5,"column":40}},"1":{"start":{"line":6,"column":0},"end":{"line":6,"column":40}},"2":{"start":{"line":14,"column":4},"end":{"line":17,"column":null}},"3":{"start":{"line":15,"column":21},"end":{"line":15,"column":44}},"4":{"start":{"line":16,"column":6},"end":{"line":16,"column":87}},"5":{"start":{"line":18,"column":4},"end":{"line":18,"column":25}},"6":{"start":{"line":22,"column":4},"end":{"line":24,"column":null}},"7":{"start":{"line":23,"column":6},"end":{"line":23,"column":43}},"8":{"start":{"line":25,"column":4},"end":{"line":25,"column":26}},"9":{"start":{"line":8,"column":0},"end":{"line":8,"column":13}}},"fnMap":{"0":{"name":"(anonymous_6)","decl":{"start":{"line":13,"column":2},"end":{"line":13,"column":8}},"loc":{"start":{"line":13,"column":16},"end":{"line":19,"column":3}}},"1":{"name":"(anonymous_7)","decl":{"start":{"line":21,"column":2},"end":{"line":21,"column":8}},"loc":{"start":{"line":21,"column":17},"end":{"line":26,"column":3}}}},"branchMap":{"0":{"loc":{"start":{"line":14,"column":4},"end":{"line":17,"column":null}},"type":"if","locations":[{"start":{"line":14,"column":4},"end":{"line":17,"column":null}}]},"1":{"loc":{"start":{"line":22,"column":4},"end":{"line":24,"column":null}},"type":"if","locations":[{"start":{"line":22,"column":4},"end":{"line":24,"column":null}}]}},"s":{"0":2,"1":2,"2":0,"3":0,"4":0,"5":0,"6":0,"7":0,"8":0,"9":2},"f":{"0":0,"1":0},"b":{"0":[0],"1":[0]}}
,"/Users/dana/d4lton/libraries/node-backend/src/logging/Logging.ts": {"path":"/Users/dana/d4lton/libraries/node-backend/src/logging/Logging.ts","statementMap":{"0":{"start":{"line":5,"column":0},"end":{"line":5,"column":28}},"1":{"start":{"line":6,"column":0},"end":{"line":6,"column":40}},"2":{"start":{"line":13,"column":4},"end":{"line":13,"column":null}},"3":{"start":{"line":13,"column":19},"end":{"line":13,"column":45}},"4":{"start":{"line":15,"column":18},"end":{"line":15,"column":58}},"5":{"start":{"line":17,"column":27},"end":{"line":25,"column":6}},"6":{"start":{"line":27,"column":4},"end":{"line":32,"column":null}},"7":{"start":{"line":28,"column":6},"end":{"line":31,"column":8}},"8":{"start":{"line":34,"column":26},"end":{"line":34,"column":48}},"9":{"start":{"line":35,"column":24},"end":{"line":35,"column":55}},"10":{"start":{"line":36,"column":28},"end":{"line":38,"column":59}},"11":{"start":{"line":37,"column":6},"end":{"line":37,"column":94}},"12":{"start":{"line":40,"column":4},"end":{"line":40,"column":69}},"13":{"start":{"line":8,"column":0},"end":{"line":8,"column":13}}},"fnMap":{"0":{"name":"(anonymous_1)","decl":{"start":{"line":12,"column":2},"end":{"line":12,"column":8}},"loc":{"start":{"line":12,"column":43},"end":{"line":41,"column":3}}},"1":{"name":"(anonymous_2)","decl":{"start":{"line":36,"column":55},"end":{"line":36,"column":56}},"loc":{"start":{"line":36,"column":90},"end":{"line":38,"column":5}}}},"branchMap":{"0":{"loc":{"start":{"line":13,"column":4},"end":{"line":13,"column":null}},"type":"if","locations":[{"start":{"line":13,"column":4},"end":{"line":13,"column":null}}]},"1":{"loc":{"start":{"line":27,"column":4},"end":{"line":32,"column":null}},"type":"if","locations":[{"start":{"line":27,"column":4},"end":{"line":32,"column":null}}]}},"s":{"0":2,"1":2,"2":0,"3":0,"4":0,"5":0,"6":0,"7":0,"8":0,"9":0,"10":0,"11":0,"12":0,"13":2},"f":{"0":0,"1":0},"b":{"0":[0],"1":[0]}}
,"/Users/dana/d4lton/libraries/node-backend/src/package/Package.ts": {"path":"/Users/dana/d4lton/libraries/node-backend/src/package/Package.ts","statementMap":{"0":{"start":{"line":5,"column":0},"end":{"line":5,"column":20}},"1":{"start":{"line":6,"column":0},"end":{"line":6,"column":24}},"2":{"start":{"line":10,"column":26},"end":{"line":10,"column":35}},"3":{"start":{"line":13,"column":15},"end":{"line":13,"column":41}},"4":{"start":{"line":14,"column":22},"end":{"line":14,"column":55}},"5":{"start":{"line":15,"column":18},"end":{"line":15,"column":47}},"6":{"start":{"line":16,"column":17},"end":{"line":16,"column":45}},"7":{"start":{"line":19,"column":23},"end":{"line":19,"column":38}},"8":{"start":{"line":20,"column":22},"end":{"line":20,"column":46}},"9":{"start":{"line":21,"column":18},"end":{"line":21,"column":42}},"10":{"start":{"line":22,"column":4},"end":{"line":27,"column":null}},"11":{"start":{"line":23,"column":30},"end":{"line":23,"column":71}},"12":{"start":{"line":24,"column":6},"end":{"line":24,"column":54}},"13":{"start":{"line":26,"column":6},"end":{"line":26,"column":23}},"14":{"start":{"line":31,"column":4},"end":{"line":31,"column":null}},"15":{"start":{"line":31,"column":16},"end":{"line":31,"column":55}},"16":{"start":{"line":32,"column":17},"end":{"line":32,"column":74}},"17":{"start":{"line":32,"column":50},"end":{"line":32,"column":73}},"18":{"start":{"line":33,"column":4},"end":{"line":33,"column":null}},"19":{"start":{"line":33,"column":16},"end":{"line":33,"column":45}},"20":{"start":{"line":34,"column":19},"end":{"line":34,"column":36}},"21":{"start":{"line":35,"column":4},"end":{"line":35,"column":null}},"22":{"start":{"line":35,"column":48},"end":{"line":35,"column":85}},"23":{"start":{"line":36,"column":4},"end":{"line":36,"column":21}},"24":{"start":{"line":40,"column":4},"end":{"line":49,"column":null}},"25":{"start":{"line":41,"column":6},"end":{"line":41,"column":42}},"26":{"start":{"line":42,"column":6},"end":{"line":48,"column":null}},"27":{"start":{"line":43,"column":8},"end":{"line":47,"column":null}},"28":{"start":{"line":44,"column":10},"end":{"line":44,"column":77}},"29":{"start":{"line":46,"column":10},"end":{"line":46,"column":39}},"30":{"start":{"line":50,"column":4},"end":{"line":50,"column":25}},"31":{"start":{"line":8,"column":0},"end":{"line":8,"column":13}}},"fnMap":{"0":{"name":"(anonymous_1)","decl":{"start":{"line":13,"column":2},"end":{"line":13,"column":6}},"loc":{"start":{"line":13,"column":10},"end":{"line":13,"column":42}}},"1":{"name":"(anonymous_2)","decl":{"start":{"line":14,"column":2},"end":{"line":14,"column":6}},"loc":{"start":{"line":14,"column":17},"end":{"line":14,"column":56}}},"2":{"name":"(anonymous_3)","decl":{"start":{"line":15,"column":2},"end":{"line":15,"column":6}},"loc":{"start":{"line":15,"column":13},"end":{"line":15,"column":48}}},"3":{"name":"(anonymous_4)","decl":{"start":{"line":16,"column":2},"end":{"line":16,"column":6}},"loc":{"start":{"line":16,"column":12},"end":{"line":16,"column":46}}},"4":{"name":"(anonymous_5)","decl":{"start":{"line":18,"column":2},"end":{"line":18,"column":27}},"loc":{"start":{"line":18,"column":27},"end":{"line":28,"column":3}}},"5":{"name":"(anonymous_6)","decl":{"start":{"line":30,"column":2},"end":{"line":30,"column":17}},"loc":{"start":{"line":30,"column":30},"end":{"line":37,"column":3}}},"6":{"name":"(anonymous_7)","decl":{"start":{"line":32,"column":42},"end":{"line":32,"column":46}},"loc":{"start":{"line":32,"column":50},"end":{"line":32,"column":73}}},"7":{"name":"(anonymous_8)","decl":{"start":{"line":39,"column":2},"end":{"line":39,"column":6}},"loc":{"start":{"line":39,"column":13},"end":{"line":51,"column":3}}}},"branchMap":{"0":{"loc":{"start":{"line":22,"column":4},"end":{"line":27,"column":null}},"type":"if","locations":[{"start":{"line":22,"column":4},"end":{"line":27,"column":null}},{"start":{"line":25,"column":11},"end":{"line":27,"column":null}}]},"1":{"loc":{"start":{"line":31,"column":4},"end":{"line":31,"column":null}},"type":"if","locations":[{"start":{"line":31,"column":4},"end":{"line":31,"column":null}}]},"2":{"loc":{"start":{"line":33,"column":4},"end":{"line":33,"column":null}},"type":"if","locations":[{"start":{"line":33,"column":4},"end":{"line":33,"column":null}}]},"3":{"loc":{"start":{"line":35,"column":4},"end":{"line":35,"column":null}},"type":"if","locations":[{"start":{"line":35,"column":4},"end":{"line":35,"column":null}}]},"4":{"loc":{"start":{"line":35,"column":8},"end":{"line":35,"column":44}},"type":"binary-expr","locations":[{"start":{"line":35,"column":8},"end":{"line":35,"column":26}},{"start":{"line":35,"column":30},"end":{"line":35,"column":44}}]},"5":{"loc":{"start":{"line":40,"column":4},"end":{"line":49,"column":null}},"type":"if","locations":[{"start":{"line":40,"column":4},"end":{"line":49,"column":null}}]},"6":{"loc":{"start":{"line":42,"column":6},"end":{"line":48,"column":null}},"type":"if","locations":[{"start":{"line":42,"column":6},"end":{"line":48,"column":null}}]}},"s":{"0":2,"1":2,"2":1,"3":1,"4":0,"5":0,"6":0,"7":1,"8":1,"9":1,"10":1,"11":0,"12":0,"13":1,"14":3,"15":1,"16":3,"17":20,"18":3,"19":1,"20":2,"21":2,"22":2,"23":0,"24":1,"25":1,"26":1,"27":1,"28":1,"29":0,"30":1,"31":2},"f":{"0":1,"1":0,"2":0,"3":0,"4":1,"5":3,"6":20,"7":1},"b":{"0":[0,1],"1":[1],"2":[1],"3":[2],"4":[2,2],"5":[1],"6":[1]}}
,"/Users/dana/d4lton/libraries/node-backend/src/redis/Redis.ts": {"path":"/Users/dana/d4lton/libraries/node-backend/src/redis/Redis.ts","statementMap":{"0":{"start":{"line":5,"column":0},"end":{"line":5,"column":46}},"1":{"start":{"line":6,"column":0},"end":{"line":6,"column":28}},"2":{"start":{"line":7,"column":0},"end":{"line":7,"column":20}},"3":{"start":{"line":9,"column":0},"end":{"line":9,"column":56}},"4":{"start":{"line":10,"column":0},"end":{"line":10,"column":38}},"5":{"start":{"line":12,"column":15},"end":{"line":12,"column":40}},"6":{"start":{"line":28,"column":27},"end":{"line":28,"column":28}},"7":{"start":{"line":30,"column":35},"end":{"line":30,"column":36}},"8":{"start":{"line":32,"column":56},"end":{"line":32,"column":58}},"9":{"start":{"line":33,"column":36},"end":{"line":33,"column":51}},"10":{"start":{"line":35,"column":22},"end":{"line":39,"column":4}},"11":{"start":{"line":45,"column":4},"end":{"line":45,"column":23}},"12":{"start":{"line":52,"column":4},"end":{"line":52,"column":65}},"13":{"start":{"line":52,"column":48},"end":{"line":52,"column":63}},"14":{"start":{"line":59,"column":4},"end":{"line":59,"column":70}},"15":{"start":{"line":60,"column":25},"end":{"line":60,"column":27}},"16":{"start":{"line":61,"column":4},"end":{"line":61,"column":null}},"17":{"start":{"line":61,"column":21},"end":{"line":61,"column":44}},"18":{"start":{"line":62,"column":4},"end":{"line":62,"column":null}},"19":{"start":{"line":62,"column":21},"end":{"line":62,"column":39}},"20":{"start":{"line":63,"column":4},"end":{"line":63,"column":81}},"21":{"start":{"line":63,"column":48},"end":{"line":63,"column":79}},"22":{"start":{"line":70,"column":4},"end":{"line":70,"column":74}},"23":{"start":{"line":70,"column":48},"end":{"line":70,"column":72}},"24":{"start":{"line":77,"column":4},"end":{"line":77,"column":80}},"25":{"start":{"line":77,"column":48},"end":{"line":77,"column":78}},"26":{"start":{"line":84,"column":4},"end":{"line":84,"column":73}},"27":{"start":{"line":84,"column":48},"end":{"line":84,"column":71}},"28":{"start":{"line":91,"column":4},"end":{"line":95,"column":null}},"29":{"start":{"line":92,"column":6},"end":{"line":92,"column":80}},"30":{"start":{"line":92,"column":50},"end":{"line":92,"column":78}},"31":{"start":{"line":94,"column":6},"end":{"line":94,"column":68}},"32":{"start":{"line":94,"column":50},"end":{"line":94,"column":66}},"33":{"start":{"line":99,"column":4},"end":{"line":99,"column":85}},"34":{"start":{"line":99,"column":48},"end":{"line":99,"column":83}},"35":{"start":{"line":103,"column":4},"end":{"line":103,"column":66}},"36":{"start":{"line":103,"column":48},"end":{"line":103,"column":64}},"37":{"start":{"line":107,"column":4},"end":{"line":107,"column":79}},"38":{"start":{"line":107,"column":48},"end":{"line":107,"column":77}},"39":{"start":{"line":114,"column":4},"end":{"line":114,"column":70}},"40":{"start":{"line":115,"column":4},"end":{"line":115,"column":73}},"41":{"start":{"line":115,"column":48},"end":{"line":115,"column":71}},"42":{"start":{"line":122,"column":4},"end":{"line":122,"column":66}},"43":{"start":{"line":122,"column":48},"end":{"line":122,"column":64}},"44":{"start":{"line":129,"column":4},"end":{"line":129,"column":70}},"45":{"start":{"line":130,"column":4},"end":{"line":130,"column":73}},"46":{"start":{"line":130,"column":48},"end":{"line":130,"column":71}},"47":{"start":{"line":137,"column":4},"end":{"line":137,"column":70}},"48":{"start":{"line":137,"column":48},"end":{"line":137,"column":68}},"49":{"start":{"line":144,"column":4},"end":{"line":144,"column":67}},"50":{"start":{"line":144,"column":48},"end":{"line":144,"column":65}},"51":{"start":{"line":148,"column":4},"end":{"line":148,"column":111}},"52":{"start":{"line":148,"column":48},"end":{"line":148,"column":109}},"53":{"start":{"line":152,"column":4},"end":{"line":152,"column":69}},"54":{"start":{"line":152,"column":48},"end":{"line":152,"column":67}},"55":{"start":{"line":156,"column":4},"end":{"line":156,"column":93}},"56":{"start":{"line":156,"column":48},"end":{"line":156,"column":91}},"57":{"start":{"line":160,"column":4},"end":{"line":160,"column":73}},"58":{"start":{"line":160,"column":48},"end":{"line":160,"column":71}},"59":{"start":{"line":164,"column":4},"end":{"line":164,"column":67}},"60":{"start":{"line":164,"column":48},"end":{"line":164,"column":65}},"61":{"start":{"line":168,"column":4},"end":{"line":168,"column":88}},"62":{"start":{"line":168,"column":48},"end":{"line":168,"column":86}},"63":{"start":{"line":175,"column":4},"end":{"line":175,"column":65}},"64":{"start":{"line":175,"column":48},"end":{"line":175,"column":63}},"65":{"start":{"line":182,"column":4},"end":{"line":182,"column":65}},"66":{"start":{"line":182,"column":48},"end":{"line":182,"column":63}},"67":{"start":{"line":189,"column":4},"end":{"line":189,"column":70}},"68":{"start":{"line":189,"column":48},"end":{"line":189,"column":68}},"69":{"start":{"line":196,"column":4},"end":{"line":198,"column":null}},"70":{"start":{"line":197,"column":6},"end":{"line":197,"column":49}},"71":{"start":{"line":199,"column":4},"end":{"line":202,"column":null}},"72":{"start":{"line":200,"column":6},"end":{"line":200,"column":39}},"73":{"start":{"line":201,"column":6},"end":{"line":201,"column":65}},"74":{"start":{"line":203,"column":44},"end":{"line":203,"column":107}},"75":{"start":{"line":204,"column":4},"end":{"line":204,"column":51}},"76":{"start":{"line":205,"column":4},"end":{"line":205,"column":24}},"77":{"start":{"line":209,"column":26},"end":{"line":209,"column":53}},"78":{"start":{"line":210,"column":4},"end":{"line":216,"column":null}},"79":{"start":{"line":211,"column":6},"end":{"line":213,"column":null}},"80":{"start":{"line":212,"column":8},"end":{"line":212,"column":46}},"81":{"start":{"line":215,"column":6},"end":{"line":215,"column":79}},"82":{"start":{"line":220,"column":26},"end":{"line":220,"column":66}},"83":{"start":{"line":221,"column":4},"end":{"line":224,"column":null}},"84":{"start":{"line":222,"column":6},"end":{"line":222,"column":79}},"85":{"start":{"line":223,"column":6},"end":{"line":223,"column":13}},"86":{"start":{"line":225,"column":4},"end":{"line":225,"column":128}},"87":{"start":{"line":225,"column":101},"end":{"line":225,"column":126}},"88":{"start":{"line":226,"column":4},"end":{"line":229,"column":null}},"89":{"start":{"line":227,"column":6},"end":{"line":227,"column":54}},"90":{"start":{"line":228,"column":6},"end":{"line":228,"column":63}},"91":{"start":{"line":230,"column":4},"end":{"line":233,"column":null}},"92":{"start":{"line":231,"column":6},"end":{"line":231,"column":44}},"93":{"start":{"line":232,"column":6},"end":{"line":232,"column":36}},"94":{"start":{"line":240,"column":4},"end":{"line":240,"column":78}},"95":{"start":{"line":241,"column":4},"end":{"line":241,"column":80}},"96":{"start":{"line":241,"column":48},"end":{"line":241,"column":78}},"97":{"start":{"line":248,"column":20},"end":{"line":248,"column":33}},"98":{"start":{"line":249,"column":22},"end":{"line":249,"column":88}},"99":{"start":{"line":250,"column":4},"end":{"line":259,"column":7}},"100":{"start":{"line":251,"column":20},"end":{"line":251,"column":30}},"101":{"start":{"line":252,"column":6},"end":{"line":257,"column":null}},"102":{"start":{"line":253,"column":23},"end":{"line":253,"column":74}},"103":{"start":{"line":254,"column":8},"end":{"line":254,"column":null}},"104":{"start":{"line":254,"column":22},"end":{"line":254,"column":71}},"105":{"start":{"line":255,"column":8},"end":{"line":255,"column":null}},"106":{"start":{"line":255,"column":21},"end":{"line":255,"column":47}},"107":{"start":{"line":256,"column":8},"end":{"line":256,"column":44}},"108":{"start":{"line":258,"column":6},"end":{"line":258,"column":82}},"109":{"start":{"line":266,"column":18},"end":{"line":266,"column":42}},"110":{"start":{"line":267,"column":4},"end":{"line":270,"column":null}},"111":{"start":{"line":268,"column":6},"end":{"line":268,"column":77}},"112":{"start":{"line":269,"column":6},"end":{"line":269,"column":13}},"113":{"start":{"line":271,"column":4},"end":{"line":274,"column":null}},"114":{"start":{"line":272,"column":6},"end":{"line":272,"column":83}},"115":{"start":{"line":273,"column":6},"end":{"line":273,"column":13}},"116":{"start":{"line":275,"column":4},"end":{"line":275,"column":29}},"117":{"start":{"line":282,"column":17},"end":{"line":282,"column":36}},"118":{"start":{"line":283,"column":4},"end":{"line":283,"column":null}},"119":{"start":{"line":283,"column":35},"end":{"line":283,"column":49}},"120":{"start":{"line":284,"column":17},"end":{"line":284,"column":68}},"121":{"start":{"line":285,"column":4},"end":{"line":297,"column":null}},"122":{"start":{"line":286,"column":6},"end":{"line":296,"column":null}},"123":{"start":{"line":287,"column":21},"end":{"line":287,"column":40}},"124":{"start":{"line":288,"column":8},"end":{"line":293,"column":null}},"125":{"start":{"line":289,"column":10},"end":{"line":289,"column":35}},"126":{"start":{"line":290,"column":10},"end":{"line":290,"column":null}},"127":{"start":{"line":290,"column":38},"end":{"line":290,"column":45}},"128":{"start":{"line":291,"column":10},"end":{"line":291,"column":48}},"129":{"start":{"line":292,"column":10},"end":{"line":292,"column":24}},"130":{"start":{"line":295,"column":8},"end":{"line":295,"column":32}},"131":{"start":{"line":301,"column":19},"end":{"line":301,"column":56}},"132":{"start":{"line":302,"column":16},"end":{"line":302,"column":49}},"133":{"start":{"line":303,"column":18},"end":{"line":303,"column":37}},"134":{"start":{"line":304,"column":4},"end":{"line":304,"column":null}},"135":{"start":{"line":304,"column":25},"end":{"line":304,"column":105}},"136":{"start":{"line":305,"column":4},"end":{"line":305,"column":46}},"137":{"start":{"line":309,"column":4},"end":{"line":309,"column":110}},"138":{"start":{"line":309,"column":48},"end":{"line":309,"column":108}},"139":{"start":{"line":313,"column":4},"end":{"line":316,"column":null}},"140":{"start":{"line":314,"column":23},"end":{"line":314,"column":49}},"141":{"start":{"line":315,"column":6},"end":{"line":315,"column":47}},"142":{"start":{"line":317,"column":4},"end":{"line":317,"column":27}},"143":{"start":{"line":321,"column":4},"end":{"line":324,"column":null}},"144":{"start":{"line":322,"column":6},"end":{"line":322,"column":54}},"145":{"start":{"line":323,"column":6},"end":{"line":323,"column":43}},"146":{"start":{"line":325,"column":4},"end":{"line":325,"column":33}},"147":{"start":{"line":26,"column":0},"end":{"line":26,"column":13}}},"fnMap":{"0":{"name":"(anonymous_1)","decl":{"start":{"line":41,"column":2},"end":{"line":41,"column":null}},"loc":{"start":{"line":41,"column":2},"end":{"line":42,"column":3}}},"1":{"name":"(anonymous_2)","decl":{"start":{"line":44,"column":2},"end":{"line":44,"column":6}},"loc":{"start":{"line":44,"column":10},"end":{"line":46,"column":3}}},"2":{"name":"(anonymous_3)","decl":{"start":{"line":51,"column":2},"end":{"line":51,"column":7}},"loc":{"start":{"line":51,"column":23},"end":{"line":53,"column":3}}},"3":{"name":"(anonymous_4)","decl":{"start":{"line":52,"column":32},"end":{"line":52,"column":37}},"loc":{"start":{"line":52,"column":48},"end":{"line":52,"column":63}}},"4":{"name":"(anonymous_5)","decl":{"start":{"line":58,"column":2},"end":{"line":58,"column":7}},"loc":{"start":{"line":58,"column":69},"end":{"line":64,"column":3}}},"5":{"name":"(anonymous_6)","decl":{"start":{"line":63,"column":32},"end":{"line":63,"column":37}},"loc":{"start":{"line":63,"column":48},"end":{"line":63,"column":79}}},"6":{"name":"(anonymous_7)","decl":{"start":{"line":69,"column":2},"end":{"line":69,"column":7}},"loc":{"start":{"line":69,"column":37},"end":{"line":71,"column":3}}},"7":{"name":"(anonymous_8)","decl":{"start":{"line":70,"column":32},"end":{"line":70,"column":37}},"loc":{"start":{"line":70,"column":48},"end":{"line":70,"column":72}}},"8":{"name":"(anonymous_9)","decl":{"start":{"line":76,"column":2},"end":{"line":76,"column":7}},"loc":{"start":{"line":76,"column":51},"end":{"line":78,"column":3}}},"9":{"name":"(anonymous_10)","decl":{"start":{"line":77,"column":32},"end":{"line":77,"column":37}},"loc":{"start":{"line":77,"column":48},"end":{"line":77,"column":78}}},"10":{"name":"(anonymous_11)","decl":{"start":{"line":83,"column":2},"end":{"line":83,"column":7}},"loc":{"start":{"line":83,"column":36},"end":{"line":85,"column":3}}},"11":{"name":"(anonymous_12)","decl":{"start":{"line":84,"column":32},"end":{"line":84,"column":37}},"loc":{"start":{"line":84,"column":48},"end":{"line":84,"column":71}}},"12":{"name":"(anonymous_13)","decl":{"start":{"line":90,"column":2},"end":{"line":90,"column":7}},"loc":{"start":{"line":90,"column":40},"end":{"line":96,"column":3}}},"13":{"name":"(anonymous_14)","decl":{"start":{"line":92,"column":34},"end":{"line":92,"column":39}},"loc":{"start":{"line":92,"column":50},"end":{"line":92,"column":78}}},"14":{"name":"(anonymous_15)","decl":{"start":{"line":94,"column":34},"end":{"line":94,"column":39}},"loc":{"start":{"line":94,"column":50},"end":{"line":94,"column":66}}},"15":{"name":"(anonymous_16)","decl":{"start":{"line":98,"column":2},"end":{"line":98,"column":7}},"loc":{"start":{"line":98,"column":48},"end":{"line":100,"column":3}}},"16":{"name":"(anonymous_17)","decl":{"start":{"line":99,"column":32},"end":{"line":99,"column":37}},"loc":{"start":{"line":99,"column":48},"end":{"line":99,"column":83}}},"17":{"name":"(anonymous_18)","decl":{"start":{"line":102,"column":2},"end":{"line":102,"column":7}},"loc":{"start":{"line":102,"column":24},"end":{"line":104,"column":3}}},"18":{"name":"(anonymous_19)","decl":{"start":{"line":103,"column":32},"end":{"line":103,"column":37}},"loc":{"start":{"line":103,"column":48},"end":{"line":103,"column":64}}},"19":{"name":"(anonymous_20)","decl":{"start":{"line":106,"column":2},"end":{"line":106,"column":7}},"loc":{"start":{"line":106,"column":53},"end":{"line":108,"column":3}}},"20":{"name":"(anonymous_21)","decl":{"start":{"line":107,"column":32},"end":{"line":107,"column":37}},"loc":{"start":{"line":107,"column":48},"end":{"line":107,"column":77}}},"21":{"name":"(anonymous_22)","decl":{"start":{"line":113,"column":2},"end":{"line":113,"column":7}},"loc":{"start":{"line":113,"column":36},"end":{"line":116,"column":3}}},"22":{"name":"(anonymous_23)","decl":{"start":{"line":115,"column":32},"end":{"line":115,"column":37}},"loc":{"start":{"line":115,"column":48},"end":{"line":115,"column":71}}},"23":{"name":"(anonymous_24)","decl":{"start":{"line":121,"column":2},"end":{"line":121,"column":7}},"loc":{"start":{"line":121,"column":24},"end":{"line":123,"column":3}}},"24":{"name":"(anonymous_25)","decl":{"start":{"line":122,"column":32},"end":{"line":122,"column":37}},"loc":{"start":{"line":122,"column":48},"end":{"line":122,"column":64}}},"25":{"name":"(anonymous_26)","decl":{"start":{"line":128,"column":2},"end":{"line":128,"column":7}},"loc":{"start":{"line":128,"column":36},"end":{"line":131,"column":3}}},"26":{"name":"(anonymous_27)","decl":{"start":{"line":130,"column":32},"end":{"line":130,"column":37}},"loc":{"start":{"line":130,"column":48},"end":{"line":130,"column":71}}},"27":{"name":"(anonymous_28)","decl":{"start":{"line":136,"column":2},"end":{"line":136,"column":7}},"loc":{"start":{"line":136,"column":28},"end":{"line":138,"column":3}}},"28":{"name":"(anonymous_29)","decl":{"start":{"line":137,"column":32},"end":{"line":137,"column":37}},"loc":{"start":{"line":137,"column":48},"end":{"line":137,"column":68}}},"29":{"name":"(anonymous_30)","decl":{"start":{"line":143,"column":2},"end":{"line":143,"column":7}},"loc":{"start":{"line":143,"column":25},"end":{"line":145,"column":3}}},"30":{"name":"(anonymous_31)","decl":{"start":{"line":144,"column":32},"end":{"line":144,"column":37}},"loc":{"start":{"line":144,"column":48},"end":{"line":144,"column":65}}},"31":{"name":"(anonymous_32)","decl":{"start":{"line":147,"column":2},"end":{"line":147,"column":7}},"loc":{"start":{"line":147,"column":80},"end":{"line":149,"column":3}}},"32":{"name":"(anonymous_33)","decl":{"start":{"line":148,"column":32},"end":{"line":148,"column":37}},"loc":{"start":{"line":148,"column":48},"end":{"line":148,"column":109}}},"33":{"name":"(anonymous_34)","decl":{"start":{"line":151,"column":2},"end":{"line":151,"column":7}},"loc":{"start":{"line":151,"column":24},"end":{"line":153,"column":3}}},"34":{"name":"(anonymous_35)","decl":{"start":{"line":152,"column":32},"end":{"line":152,"column":37}},"loc":{"start":{"line":152,"column":48},"end":{"line":152,"column":67}}},"35":{"name":"(anonymous_36)","decl":{"start":{"line":155,"column":2},"end":{"line":155,"column":7}},"loc":{"start":{"line":155,"column":77},"end":{"line":157,"column":3}}},"36":{"name":"(anonymous_37)","decl":{"start":{"line":156,"column":32},"end":{"line":156,"column":37}},"loc":{"start":{"line":156,"column":48},"end":{"line":156,"column":91}}},"37":{"name":"(anonymous_38)","decl":{"start":{"line":159,"column":2},"end":{"line":159,"column":7}},"loc":{"start":{"line":159,"column":36},"end":{"line":161,"column":3}}},"38":{"name":"(anonymous_39)","decl":{"start":{"line":160,"column":32},"end":{"line":160,"column":37}},"loc":{"start":{"line":160,"column":48},"end":{"line":160,"column":71}}},"39":{"name":"(anonymous_40)","decl":{"start":{"line":163,"column":2},"end":{"line":163,"column":7}},"loc":{"start":{"line":163,"column":25},"end":{"line":165,"column":3}}},"40":{"name":"(anonymous_41)","decl":{"start":{"line":164,"column":32},"end":{"line":164,"column":37}},"loc":{"start":{"line":164,"column":48},"end":{"line":164,"column":65}}},"41":{"name":"(anonymous_42)","decl":{"start":{"line":167,"column":2},"end":{"line":167,"column":7}},"loc":{"start":{"line":167,"column":48},"end":{"line":169,"column":3}}},"42":{"name":"(anonymous_43)","decl":{"start":{"line":168,"column":32},"end":{"line":168,"column":37}},"loc":{"start":{"line":168,"column":48},"end":{"line":168,"column":86}}},"43":{"name":"(anonymous_44)","decl":{"start":{"line":174,"column":2},"end":{"line":174,"column":7}},"loc":{"start":{"line":174,"column":23},"end":{"line":176,"column":3}}},"44":{"name":"(anonymous_45)","decl":{"start":{"line":175,"column":32},"end":{"line":175,"column":37}},"loc":{"start":{"line":175,"column":48},"end":{"line":175,"column":63}}},"45":{"name":"(anonymous_46)","decl":{"start":{"line":181,"column":2},"end":{"line":181,"column":7}},"loc":{"start":{"line":181,"column":23},"end":{"line":183,"column":3}}},"46":{"name":"(anonymous_47)","decl":{"start":{"line":182,"column":32},"end":{"line":182,"column":37}},"loc":{"start":{"line":182,"column":48},"end":{"line":182,"column":63}}},"47":{"name":"(anonymous_48)","decl":{"start":{"line":188,"column":2},"end":{"line":188,"column":7}},"loc":{"start":{"line":188,"column":28},"end":{"line":190,"column":3}}},"48":{"name":"(anonymous_49)","decl":{"start":{"line":189,"column":32},"end":{"line":189,"column":37}},"loc":{"start":{"line":189,"column":48},"end":{"line":189,"column":68}}},"49":{"name":"(anonymous_50)","decl":{"start":{"line":195,"column":2},"end":{"line":195,"column":7}},"loc":{"start":{"line":195,"column":68},"end":{"line":206,"column":3}}},"50":{"name":"(anonymous_51)","decl":{"start":{"line":208,"column":10},"end":{"line":208,"column":16}},"loc":{"start":{"line":208,"column":61},"end":{"line":217,"column":3}}},"51":{"name":"(anonymous_52)","decl":{"start":{"line":219,"column":2},"end":{"line":219,"column":7}},"loc":{"start":{"line":219,"column":51},"end":{"line":234,"column":3}}},"52":{"name":"(anonymous_53)","decl":{"start":{"line":225,"column":95},"end":{"line":225,"column":97}},"loc":{"start":{"line":225,"column":101},"end":{"line":225,"column":126}}},"53":{"name":"(anonymous_54)","decl":{"start":{"line":239,"column":2},"end":{"line":239,"column":7}},"loc":{"start":{"line":239,"column":43},"end":{"line":242,"column":3}}},"54":{"name":"(anonymous_55)","decl":{"start":{"line":241,"column":32},"end":{"line":241,"column":37}},"loc":{"start":{"line":241,"column":48},"end":{"line":241,"column":78}}},"55":{"name":"(anonymous_56)","decl":{"start":{"line":247,"column":2},"end":{"line":247,"column":7}},"loc":{"start":{"line":247,"column":79},"end":{"line":260,"column":3}}},"56":{"name":"(anonymous_57)","decl":{"start":{"line":250,"column":23},"end":{"line":250,"column":28}},"loc":{"start":{"line":250,"column":49},"end":{"line":259,"column":5}}},"57":{"name":"(anonymous_58)","decl":{"start":{"line":265,"column":2},"end":{"line":265,"column":7}},"loc":{"start":{"line":265,"column":24},"end":{"line":276,"column":3}}},"58":{"name":"(anonymous_59)","decl":{"start":{"line":281,"column":2},"end":{"line":281,"column":7}},"loc":{"start":{"line":281,"column":78},"end":{"line":298,"column":3}}},"59":{"name":"(anonymous_60)","decl":{"start":{"line":300,"column":2},"end":{"line":300,"column":7}},"loc":{"start":{"line":300,"column":73},"end":{"line":306,"column":3}}},"60":{"name":"(anonymous_61)","decl":{"start":{"line":308,"column":2},"end":{"line":308,"column":7}},"loc":{"start":{"line":308,"column":38},"end":{"line":310,"column":3}}},"61":{"name":"(anonymous_62)","decl":{"start":{"line":309,"column":32},"end":{"line":309,"column":37}},"loc":{"start":{"line":309,"column":48},"end":{"line":309,"column":108}}},"62":{"name":"(anonymous_63)","decl":{"start":{"line":312,"column":2},"end":{"line":312,"column":6}},"loc":{"start":{"line":312,"column":14},"end":{"line":318,"column":3}}},"63":{"name":"(anonymous_64)","decl":{"start":{"line":320,"column":2},"end":{"line":320,"column":8}},"loc":{"start":{"line":320,"column":23},"end":{"line":326,"column":3}}}},"branchMap":{"0":{"loc":{"start":{"line":58,"column":37},"end":{"line":58,"column":50}},"type":"default-arg","locations":[{"start":{"line":58,"column":49},"end":{"line":58,"column":50}}]},"1":{"loc":{"start":{"line":58,"column":52},"end":{"line":58,"column":69}},"type":"default-arg","locations":[{"start":{"line":58,"column":64},"end":{"line":58,"column":69}}]},"2":{"loc":{"start":{"line":59,"column":12},"end":{"line":59,"column":69}},"type":"cond-expr","locations":[{"start":{"line":59,"column":40},"end":{"line":59,"column":61}},{"start":{"line":59,"column":64},"end":{"line":59,"column":69}}]},"3":{"loc":{"start":{"line":61,"column":4},"end":{"line":61,"column":null}},"type":"if","locations":[{"start":{"line":61,"column":4},"end":{"line":61,"column":null}}]},"4":{"loc":{"start":{"line":62,"column":4},"end":{"line":62,"column":null}},"type":"if","locations":[{"start":{"line":62,"column":4},"end":{"line":62,"column":null}}]},"5":{"loc":{"start":{"line":91,"column":4},"end":{"line":95,"column":null}},"type":"if","locations":[{"start":{"line":91,"column":4},"end":{"line":95,"column":null}},{"start":{"line":93,"column":11},"end":{"line":95,"column":null}}]},"6":{"loc":{"start":{"line":98,"column":27},"end":{"line":98,"column":48}},"type":"default-arg","locations":[{"start":{"line":98,"column":47},"end":{"line":98,"column":48}}]},"7":{"loc":{"start":{"line":114,"column":12},"end":{"line":114,"column":69}},"type":"cond-expr","locations":[{"start":{"line":114,"column":40},"end":{"line":114,"column":61}},{"start":{"line":114,"column":64},"end":{"line":114,"column":69}}]},"8":{"loc":{"start":{"line":129,"column":12},"end":{"line":129,"column":69}},"type":"cond-expr","locations":[{"start":{"line":129,"column":40},"end":{"line":129,"column":61}},{"start":{"line":129,"column":64},"end":{"line":129,"column":69}}]},"9":{"loc":{"start":{"line":147,"column":38},"end":{"line":147,"column":80}},"type":"default-arg","locations":[{"start":{"line":147,"column":57},"end":{"line":147,"column":80}}]},"10":{"loc":{"start":{"line":155,"column":35},"end":{"line":155,"column":77}},"type":"default-arg","locations":[{"start":{"line":155,"column":54},"end":{"line":155,"column":77}}]},"11":{"loc":{"start":{"line":167,"column":27},"end":{"line":167,"column":48}},"type":"default-arg","locations":[{"start":{"line":167,"column":47},"end":{"line":167,"column":48}}]},"12":{"loc":{"start":{"line":196,"column":4},"end":{"line":198,"column":null}},"type":"if","locations":[{"start":{"line":196,"column":4},"end":{"line":198,"column":null}}]},"13":{"loc":{"start":{"line":199,"column":4},"end":{"line":202,"column":null}},"type":"if","locations":[{"start":{"line":199,"column":4},"end":{"line":202,"column":null}}]},"14":{"loc":{"start":{"line":210,"column":4},"end":{"line":216,"column":null}},"type":"if","locations":[{"start":{"line":210,"column":4},"end":{"line":216,"column":null}},{"start":{"line":214,"column":11},"end":{"line":216,"column":null}}]},"15":{"loc":{"start":{"line":221,"column":4},"end":{"line":224,"column":null}},"type":"if","locations":[{"start":{"line":221,"column":4},"end":{"line":224,"column":null}}]},"16":{"loc":{"start":{"line":226,"column":4},"end":{"line":229,"column":null}},"type":"if","locations":[{"start":{"line":226,"column":4},"end":{"line":229,"column":null}}]},"17":{"loc":{"start":{"line":230,"column":4},"end":{"line":233,"column":null}},"type":"if","locations":[{"start":{"line":230,"column":4},"end":{"line":233,"column":null}}]},"18":{"loc":{"start":{"line":240,"column":14},"end":{"line":240,"column":77}},"type":"cond-expr","locations":[{"start":{"line":240,"column":44},"end":{"line":240,"column":67}},{"start":{"line":240,"column":70},"end":{"line":240,"column":77}}]},"19":{"loc":{"start":{"line":247,"column":29},"end":{"line":247,"column":40}},"type":"default-arg","locations":[{"start":{"line":247,"column":36},"end":{"line":247,"column":40}}]},"20":{"loc":{"start":{"line":247,"column":42},"end":{"line":247,"column":59}},"type":"default-arg","locations":[{"start":{"line":247,"column":54},"end":{"line":247,"column":59}}]},"21":{"loc":{"start":{"line":247,"column":61},"end":{"line":247,"column":79}},"type":"default-arg","locations":[{"start":{"line":247,"column":76},"end":{"line":247,"column":79}}]},"22":{"loc":{"start":{"line":254,"column":8},"end":{"line":254,"column":null}},"type":"if","locations":[{"start":{"line":254,"column":8},"end":{"line":254,"column":null}}]},"23":{"loc":{"start":{"line":255,"column":8},"end":{"line":255,"column":null}},"type":"if","locations":[{"start":{"line":255,"column":8},"end":{"line":255,"column":null}}]},"24":{"loc":{"start":{"line":267,"column":4},"end":{"line":270,"column":null}},"type":"if","locations":[{"start":{"line":267,"column":4},"end":{"line":270,"column":null}}]},"25":{"loc":{"start":{"line":271,"column":4},"end":{"line":274,"column":null}},"type":"if","locations":[{"start":{"line":271,"column":4},"end":{"line":274,"column":null}}]},"26":{"loc":{"start":{"line":283,"column":4},"end":{"line":283,"column":null}},"type":"if","locations":[{"start":{"line":283,"column":4},"end":{"line":283,"column":null}}]},"27":{"loc":{"start":{"line":285,"column":4},"end":{"line":297,"column":null}},"type":"if","locations":[{"start":{"line":285,"column":4},"end":{"line":297,"column":null}}]},"28":{"loc":{"start":{"line":288,"column":8},"end":{"line":293,"column":null}},"type":"if","locations":[{"start":{"line":288,"column":8},"end":{"line":293,"column":null}}]},"29":{"loc":{"start":{"line":290,"column":10},"end":{"line":290,"column":null}},"type":"if","locations":[{"start":{"line":290,"column":10},"end":{"line":290,"column":null}}]},"30":{"loc":{"start":{"line":300,"column":46},"end":{"line":300,"column":73}},"type":"default-arg","locations":[{"start":{"line":300,"column":69},"end":{"line":300,"column":73}}]},"31":{"loc":{"start":{"line":304,"column":4},"end":{"line":304,"column":null}},"type":"if","locations":[{"start":{"line":304,"column":4},"end":{"line":304,"column":null}}]},"32":{"loc":{"start":{"line":308,"column":26},"end":{"line":308,"column":38}},"type":"default-arg","locations":[{"start":{"line":308,"column":37},"end":{"line":308,"column":38}}]},"33":{"loc":{"start":{"line":313,"column":4},"end":{"line":316,"column":null}},"type":"if","locations":[{"start":{"line":313,"column":4},"end":{"line":316,"column":null}}]},"34":{"loc":{"start":{"line":314,"column":23},"end":{"line":314,"column":49}},"type":"binary-expr","locations":[{"start":{"line":314,"column":23},"end":{"line":314,"column":36}},{"start":{"line":314,"column":40},"end":{"line":314,"column":49}}]},"35":{"loc":{"start":{"line":321,"column":4},"end":{"line":324,"column":null}},"type":"if","locations":[{"start":{"line":321,"column":4},"end":{"line":324,"column":null}}]}},"s":{"0":2,"1":2,"2":2,"3":2,"4":2,"5":2,"6":2,"7":2,"8":2,"9":2,"10":2,"11":0,"12":0,"13":0,"14":0,"15":0,"16":0,"17":0,"18":0,"19":0,"20":0,"21":0,"22":0,"23":0,"24":0,"25":0,"26":0,"27":0,"28":0,"29":0,"30":0,"31":0,"32":0,"33":0,"34":0,"35":0,"36":0,"37":0,"38":0,"39":0,"40":0,"41":0,"42":0,"43":0,"44":0,"45":0,"46":0,"47":0,"48":0,"49":0,"50":0,"51":0,"52":0,"53":0,"54":0,"55":0,"56":0,"57":0,"58":0,"59":0,"60":0,"61":0,"62":0,"63":0,"64":0,"65":0,"66":0,"67":0,"68":0,"69":0,"70":0,"71":0,"72":0,"73":0,"74":0,"75":0,"76":0,"77":0,"78":0,"79":0,"80":0,"81":0,"82":0,"83":0,"84":0,"85":0,"86":0,"87":0,"88":0,"89":0,"90":0,"91":0,"92":0,"93":0,"94":0,"95":0,"96":0,"97":0,"98":0,"99":0,"100":0,"101":0,"102":0,"103":0,"104":0,"105":0,"106":0,"107":0,"108":0,"109":0,"110":0,"111":0,"112":0,"113":0,"114":0,"115":0,"116":0,"117":0,"118":0,"119":0,"120":0,"121":0,"122":0,"123":0,"124":0,"125":0,"126":0,"127":0,"128":0,"129":0,"130":0,"131":0,"132":0,"133":0,"134":0,"135":0,"136":0,"137":0,"138":0,"139":0,"140":0,"141":0,"142":0,"143":0,"144":0,"145":0,"146":0,"147":2},"f":{"0":0,"1":0,"2":0,"3":0,"4":0,"5":0,"6":0,"7":0,"8":0,"9":0,"10":0,"11":0,"12":0,"13":0,"14":0,"15":0,"16":0,"17":0,"18":0,"19":0,"20":0,"21":0,"22":0,"23":0,"24":0,"25":0,"26":0,"27":0,"28":0,"29":0,"30":0,"31":0,"32":0,"33":0,"34":0,"35":0,"36":0,"37":0,"38":0,"39":0,"40":0,"41":0,"42":0,"43":0,"44":0,"45":0,"46":0,"47":0,"48":0,"49":0,"50":0,"51":0,"52":0,"53":0,"54":0,"55":0,"56":0,"57":0,"58":0,"59":0,"60":0,"61":0,"62":0,"63":0},"b":{"0":[0],"1":[0],"2":[0,0],"3":[0],"4":[0],"5":[0,0],"6":[0],"7":[0,0],"8":[0,0],"9":[0],"10":[0],"11":[0],"12":[0],"13":[0],"14":[0,0],"15":[0],"16":[0],"17":[0],"18":[0,0],"19":[0],"20":[0],"21":[0],"22":[0],"23":[0],"24":[0],"25":[0],"26":[0],"27":[0],"28":[0],"29":[0],"30":[0],"31":[0],"32":[0],"33":[0],"34":[0,0],"35":[0]}}
,"/Users/dana/d4lton/libraries/node-backend/src/redis/RedisPool.ts": {"path":"/Users/dana/d4lton/libraries/node-backend/src/redis/RedisPool.ts","statementMap":{"0":{"start":{"line":5,"column":0},"end":{"line":5,"column":44}},"1":{"start":{"line":7,"column":0},"end":{"line":7,"column":28}},"2":{"start":{"line":8,"column":0},"end":{"line":8,"column":52}},"3":{"start":{"line":9,"column":0},"end":{"line":9,"column":40}},"4":{"start":{"line":11,"column":15},"end":{"line":11,"column":44}},"5":{"start":{"line":21,"column":20},"end":{"line":21,"column":21}},"6":{"start":{"line":23,"column":40},"end":{"line":23,"column":42}},"7":{"start":{"line":29,"column":17},"end":{"line":29,"column":50}},"8":{"start":{"line":30,"column":21},"end":{"line":30,"column":55}},"9":{"start":{"line":30,"column":46},"end":{"line":30,"column":54}},"10":{"start":{"line":31,"column":4},"end":{"line":36,"column":null}},"11":{"start":{"line":32,"column":6},"end":{"line":32,"column":null}},"12":{"start":{"line":32,"column":42},"end":{"line":32,"column":81}},"13":{"start":{"line":33,"column":21},"end":{"line":33,"column":43}},"14":{"start":{"line":34,"column":6},"end":{"line":34,"column":68}},"15":{"start":{"line":35,"column":6},"end":{"line":35,"column":37}},"16":{"start":{"line":37,"column":4},"end":{"line":37,"column":27}},"17":{"start":{"line":38,"column":4},"end":{"line":38,"column":22}},"18":{"start":{"line":42,"column":19},"end":{"line":42,"column":68}},"19":{"start":{"line":42,"column":44},"end":{"line":42,"column":67}},"20":{"start":{"line":43,"column":4},"end":{"line":43,"column":null}},"21":{"start":{"line":43,"column":18},"end":{"line":43,"column":38}},"22":{"start":{"line":47,"column":50},"end":{"line":47,"column":59}},"23":{"start":{"line":48,"column":4},"end":{"line":57,"column":null}},"24":{"start":{"line":49,"column":6},"end":{"line":49,"column":40}},"25":{"start":{"line":50,"column":6},"end":{"line":50,"column":47}},"26":{"start":{"line":52,"column":6},"end":{"line":52,"column":34}},"27":{"start":{"line":54,"column":6},"end":{"line":56,"column":null}},"28":{"start":{"line":55,"column":8},"end":{"line":55,"column":39}},"29":{"start":{"line":61,"column":4},"end":{"line":65,"column":7}},"30":{"start":{"line":62,"column":21},"end":{"line":62,"column":70}},"31":{"start":{"line":63,"column":6},"end":{"line":63,"column":29}},"32":{"start":{"line":64,"column":6},"end":{"line":64,"column":22}},"33":{"start":{"line":69,"column":17},"end":{"line":69,"column":54}},"34":{"start":{"line":70,"column":17},"end":{"line":70,"column":47}},"35":{"start":{"line":71,"column":4},"end":{"line":71,"column":57}},"36":{"start":{"line":72,"column":4},"end":{"line":88,"column":6}},"37":{"start":{"line":77,"column":10},"end":{"line":77,"column":51}},"38":{"start":{"line":78,"column":10},"end":{"line":81,"column":null}},"39":{"start":{"line":79,"column":12},"end":{"line":79,"column":52}},"40":{"start":{"line":80,"column":12},"end":{"line":80,"column":52}},"41":{"start":{"line":82,"column":30},"end":{"line":82,"column":89}},"42":{"start":{"line":83,"column":10},"end":{"line":83,"column":122}},"43":{"start":{"line":92,"column":4},"end":{"line":94,"column":null}},"44":{"start":{"line":93,"column":6},"end":{"line":93,"column":43}},"45":{"start":{"line":19,"column":0},"end":{"line":19,"column":13}}},"fnMap":{"0":{"name":"(anonymous_1)","decl":{"start":{"line":25,"column":2},"end":{"line":25,"column":null}},"loc":{"start":{"line":25,"column":2},"end":{"line":26,"column":3}}},"1":{"name":"(anonymous_2)","decl":{"start":{"line":28,"column":2},"end":{"line":28,"column":7}},"loc":{"start":{"line":28,"column":15},"end":{"line":39,"column":3}}},"2":{"name":"(anonymous_3)","decl":{"start":{"line":30,"column":40},"end":{"line":30,"column":42}},"loc":{"start":{"line":30,"column":46},"end":{"line":30,"column":54}}},"3":{"name":"(anonymous_4)","decl":{"start":{"line":41,"column":2},"end":{"line":41,"column":7}},"loc":{"start":{"line":41,"column":43},"end":{"line":44,"column":3}}},"4":{"name":"(anonymous_5)","decl":{"start":{"line":42,"column":38},"end":{"line":42,"column":40}},"loc":{"start":{"line":42,"column":44},"end":{"line":42,"column":67}}},"5":{"name":"(anonymous_6)","decl":{"start":{"line":46,"column":2},"end":{"line":46,"column":7}},"loc":{"start":{"line":46,"column":70},"end":{"line":58,"column":3}}},"6":{"name":"(anonymous_7)","decl":{"start":{"line":60,"column":2},"end":{"line":60,"column":8}},"loc":{"start":{"line":60,"column":19},"end":{"line":66,"column":3}}},"7":{"name":"(anonymous_8)","decl":{"start":{"line":61,"column":23},"end":{"line":61,"column":28}},"loc":{"start":{"line":61,"column":41},"end":{"line":65,"column":5}}},"8":{"name":"(anonymous_9)","decl":{"start":{"line":68,"column":2},"end":{"line":68,"column":8}},"loc":{"start":{"line":68,"column":19},"end":{"line":89,"column":3}}},"9":{"name":"(anonymous_10)","decl":{"start":{"line":76,"column":27},"end":{"line":76,"column":28}},"loc":{"start":{"line":76,"column":63},"end":{"line":84,"column":9}}},"10":{"name":"(anonymous_11)","decl":{"start":{"line":91,"column":2},"end":{"line":91,"column":7}},"loc":{"start":{"line":91,"column":16},"end":{"line":95,"column":3}}}},"branchMap":{"0":{"loc":{"start":{"line":31,"column":4},"end":{"line":36,"column":null}},"type":"if","locations":[{"start":{"line":31,"column":4},"end":{"line":36,"column":null}}]},"1":{"loc":{"start":{"line":32,"column":6},"end":{"line":32,"column":null}},"type":"if","locations":[{"start":{"line":32,"column":6},"end":{"line":32,"column":null}}]},"2":{"loc":{"start":{"line":43,"column":4},"end":{"line":43,"column":null}},"type":"if","locations":[{"start":{"line":43,"column":4},"end":{"line":43,"column":null}}]},"3":{"loc":{"start":{"line":54,"column":6},"end":{"line":56,"column":null}},"type":"if","locations":[{"start":{"line":54,"column":6},"end":{"line":56,"column":null}}]},"4":{"loc":{"start":{"line":78,"column":10},"end":{"line":81,"column":null}},"type":"if","locations":[{"start":{"line":78,"column":10},"end":{"line":81,"column":null}}]}},"s":{"0":2,"1":2,"2":2,"3":2,"4":2,"5":2,"6":2,"7":0,"8":0,"9":0,"10":0,"11":0,"12":0,"13":0,"14":0,"15":0,"16":0,"17":0,"18":0,"19":0,"20":0,"21":0,"22":0,"23":0,"24":0,"25":0,"26":0,"27":0,"28":0,"29":0,"30":0,"31":0,"32":0,"33":0,"34":0,"35":0,"36":0,"37":0,"38":0,"39":0,"40":0,"41":0,"42":0,"43":0,"44":0,"45":2},"f":{"0":2,"1":0,"2":0,"3":0,"4":0,"5":0,"6":0,"7":0,"8":0,"9":0,"10":0},"b":{"0":[0],"1":[0],"2":[0],"3":[0],"4":[0]}}
}
