TN:
SF:src/index.ts
FN:5,(anonymous_0)
FN:6,(anonymous_1)
FN:7,(anonymous_2)
FN:8,(anonymous_3)
FN:9,(anonymous_4)
FN:10,(anonymous_5)
FNF:6
FNH:1
FNDA:10,(anonymous_0)
FNDA:0,(anonymous_1)
FNDA:0,(anonymous_2)
FNDA:0,(anonymous_3)
FNDA:0,(anonymous_4)
FNDA:0,(anonymous_5)
DA:5,11
DA:6,1
DA:7,1
DA:8,1
DA:9,1
DA:10,1
LF:6
LH:6
BRF:0
BRH:0
end_of_record
TN:
SF:src/config/Config.ts
FN:16,(anonymous_1)
FN:20,(anonymous_2)
FN:28,(anonymous_3)
FN:38,(anonymous_4)
FN:41,(anonymous_5)
FN:49,(anonymous_6)
FN:56,(anonymous_7)
FNF:7
FNH:4
FNDA:2,(anonymous_1)
FNDA:2,(anonymous_2)
FNDA:0,(anonymous_3)
FNDA:0,(anonymous_4)
FNDA:0,(anonymous_5)
FNDA:2,(anonymous_6)
FNDA:4,(anonymous_7)
DA:5,1
DA:6,1
DA:7,1
DA:8,1
DA:10,1
DA:12,1
DA:14,1
DA:17,2
DA:21,2
DA:29,0
DA:30,0
DA:31,0
DA:32,0
DA:34,0
DA:42,0
DA:43,0
DA:50,2
DA:57,4
LF:18
LH:11
BRDA:43,0,0,0
BRDA:43,1,0,0
BRDA:43,1,1,0
BRF:3
BRH:0
end_of_record
TN:
SF:src/errors/RateLimitError.ts
FNF:0
FNH:0
DA:5,1
LF:1
LH:1
BRF:0
BRH:0
end_of_record
TN:
SF:src/firebase/Firebase.ts
FN:13,(anonymous_6)
FN:21,(anonymous_7)
FNF:2
FNH:0
FNDA:0,(anonymous_6)
FNDA:0,(anonymous_7)
DA:5,1
DA:6,1
DA:8,1
DA:14,0
DA:15,0
DA:16,0
DA:18,0
DA:22,0
DA:23,0
DA:25,0
LF:10
LH:3
BRDA:14,0,0,0
BRDA:22,1,0,0
BRF:2
BRH:0
end_of_record
TN:
SF:src/logging/Logging.ts
FN:12,(anonymous_1)
FN:36,(anonymous_2)
FNF:2
FNH:0
FNDA:0,(anonymous_1)
FNDA:0,(anonymous_2)
DA:5,1
DA:6,1
DA:8,1
DA:13,0
DA:15,0
DA:17,0
DA:27,0
DA:28,0
DA:34,0
DA:35,0
DA:36,0
DA:37,0
DA:40,0
LF:13
LH:3
BRDA:13,0,0,0
BRDA:27,1,0,0
BRF:2
BRH:0
end_of_record
TN:
SF:src/redis/Redis.ts
FN:41,(anonymous_1)
FN:44,(anonymous_2)
FN:51,(anonymous_3)
FN:52,(anonymous_4)
FN:58,(anonymous_5)
FN:63,(anonymous_6)
FN:69,(anonymous_7)
FN:70,(anonymous_8)
FN:76,(anonymous_9)
FN:77,(anonymous_10)
FN:83,(anonymous_11)
FN:84,(anonymous_12)
FN:90,(anonymous_13)
FN:92,(anonymous_14)
FN:94,(anonymous_15)
FN:98,(anonymous_16)
FN:99,(anonymous_17)
FN:102,(anonymous_18)
FN:103,(anonymous_19)
FN:106,(anonymous_20)
FN:107,(anonymous_21)
FN:113,(anonymous_22)
FN:115,(anonymous_23)
FN:121,(anonymous_24)
FN:122,(anonymous_25)
FN:128,(anonymous_26)
FN:130,(anonymous_27)
FN:136,(anonymous_28)
FN:137,(anonymous_29)
FN:143,(anonymous_30)
FN:144,(anonymous_31)
FN:147,(anonymous_32)
FN:148,(anonymous_33)
FN:151,(anonymous_34)
FN:152,(anonymous_35)
FN:155,(anonymous_36)
FN:156,(anonymous_37)
FN:159,(anonymous_38)
FN:160,(anonymous_39)
FN:163,(anonymous_40)
FN:164,(anonymous_41)
FN:167,(anonymous_42)
FN:168,(anonymous_43)
FN:174,(anonymous_44)
FN:175,(anonymous_45)
FN:181,(anonymous_46)
FN:182,(anonymous_47)
FN:188,(anonymous_48)
FN:189,(anonymous_49)
FN:195,(anonymous_50)
FN:208,(anonymous_51)
FN:219,(anonymous_52)
FN:225,(anonymous_53)
FN:239,(anonymous_54)
FN:241,(anonymous_55)
FN:247,(anonymous_56)
FN:250,(anonymous_57)
FN:265,(anonymous_58)
FN:281,(anonymous_59)
FN:300,(anonymous_60)
FN:308,(anonymous_61)
FN:309,(anonymous_62)
FN:312,(anonymous_63)
FN:320,(anonymous_64)
FNF:64
FNH:0
FNDA:0,(anonymous_1)
FNDA:0,(anonymous_2)
FNDA:0,(anonymous_3)
FNDA:0,(anonymous_4)
FNDA:0,(anonymous_5)
FNDA:0,(anonymous_6)
FNDA:0,(anonymous_7)
FNDA:0,(anonymous_8)
FNDA:0,(anonymous_9)
FNDA:0,(anonymous_10)
FNDA:0,(anonymous_11)
FNDA:0,(anonymous_12)
FNDA:0,(anonymous_13)
FNDA:0,(anonymous_14)
FNDA:0,(anonymous_15)
FNDA:0,(anonymous_16)
FNDA:0,(anonymous_17)
FNDA:0,(anonymous_18)
FNDA:0,(anonymous_19)
FNDA:0,(anonymous_20)
FNDA:0,(anonymous_21)
FNDA:0,(anonymous_22)
FNDA:0,(anonymous_23)
FNDA:0,(anonymous_24)
FNDA:0,(anonymous_25)
FNDA:0,(anonymous_26)
FNDA:0,(anonymous_27)
FNDA:0,(anonymous_28)
FNDA:0,(anonymous_29)
FNDA:0,(anonymous_30)
FNDA:0,(anonymous_31)
FNDA:0,(anonymous_32)
FNDA:0,(anonymous_33)
FNDA:0,(anonymous_34)
FNDA:0,(anonymous_35)
FNDA:0,(anonymous_36)
FNDA:0,(anonymous_37)
FNDA:0,(anonymous_38)
FNDA:0,(anonymous_39)
FNDA:0,(anonymous_40)
FNDA:0,(anonymous_41)
FNDA:0,(anonymous_42)
FNDA:0,(anonymous_43)
FNDA:0,(anonymous_44)
FNDA:0,(anonymous_45)
FNDA:0,(anonymous_46)
FNDA:0,(anonymous_47)
FNDA:0,(anonymous_48)
FNDA:0,(anonymous_49)
FNDA:0,(anonymous_50)
FNDA:0,(anonymous_51)
FNDA:0,(anonymous_52)
FNDA:0,(anonymous_53)
FNDA:0,(anonymous_54)
FNDA:0,(anonymous_55)
FNDA:0,(anonymous_56)
FNDA:0,(anonymous_57)
FNDA:0,(anonymous_58)
FNDA:0,(anonymous_59)
FNDA:0,(anonymous_60)
FNDA:0,(anonymous_61)
FNDA:0,(anonymous_62)
FNDA:0,(anonymous_63)
FNDA:0,(anonymous_64)
DA:5,1
DA:6,1
DA:7,1
DA:9,1
DA:10,1
DA:12,1
DA:26,1
DA:28,1
DA:30,1
DA:32,1
DA:33,1
DA:35,1
DA:45,0
DA:52,0
DA:59,0
DA:60,0
DA:61,0
DA:62,0
DA:63,0
DA:70,0
DA:77,0
DA:84,0
DA:91,0
DA:92,0
DA:94,0
DA:99,0
DA:103,0
DA:107,0
DA:114,0
DA:115,0
DA:122,0
DA:129,0
DA:130,0
DA:137,0
DA:144,0
DA:148,0
DA:152,0
DA:156,0
DA:160,0
DA:164,0
DA:168,0
DA:175,0
DA:182,0
DA:189,0
DA:196,0
DA:197,0
DA:199,0
DA:200,0
DA:201,0
DA:203,0
DA:204,0
DA:205,0
DA:209,0
DA:210,0
DA:211,0
DA:212,0
DA:215,0
DA:220,0
DA:221,0
DA:222,0
DA:223,0
DA:225,0
DA:226,0
DA:227,0
DA:228,0
DA:230,0
DA:231,0
DA:232,0
DA:240,0
DA:241,0
DA:248,0
DA:249,0
DA:250,0
DA:251,0
DA:252,0
DA:253,0
DA:254,0
DA:255,0
DA:256,0
DA:258,0
DA:266,0
DA:267,0
DA:268,0
DA:269,0
DA:271,0
DA:272,0
DA:273,0
DA:275,0
DA:282,0
DA:283,0
DA:284,0
DA:285,0
DA:286,0
DA:287,0
DA:288,0
DA:289,0
DA:290,0
DA:291,0
DA:292,0
DA:295,0
DA:301,0
DA:302,0
DA:303,0
DA:304,0
DA:305,0
DA:309,0
DA:313,0
DA:314,0
DA:315,0
DA:317,0
DA:321,0
DA:322,0
DA:323,0
DA:325,0
LF:114
LH:12
BRDA:58,0,0,0
BRDA:58,1,0,0
BRDA:59,2,0,0
BRDA:59,2,1,0
BRDA:61,3,0,0
BRDA:62,4,0,0
BRDA:91,5,0,0
BRDA:91,5,1,0
BRDA:98,6,0,0
BRDA:114,7,0,0
BRDA:114,7,1,0
BRDA:129,8,0,0
BRDA:129,8,1,0
BRDA:147,9,0,0
BRDA:155,10,0,0
BRDA:167,11,0,0
BRDA:196,12,0,0
BRDA:199,13,0,0
BRDA:210,14,0,0
BRDA:210,14,1,0
BRDA:221,15,0,0
BRDA:226,16,0,0
BRDA:230,17,0,0
BRDA:240,18,0,0
BRDA:240,18,1,0
BRDA:247,19,0,0
BRDA:247,20,0,0
BRDA:247,21,0,0
BRDA:254,22,0,0
BRDA:255,23,0,0
BRDA:267,24,0,0
BRDA:271,25,0,0
BRDA:283,26,0,0
BRDA:285,27,0,0
BRDA:288,28,0,0
BRDA:290,29,0,0
BRDA:300,30,0,0
BRDA:304,31,0,0
BRDA:308,32,0,0
BRDA:313,33,0,0
BRDA:314,34,0,0
BRDA:314,34,1,0
BRDA:321,35,0,0
BRF:43
BRH:0
end_of_record
TN:
SF:src/redis/RedisPool.ts
FN:25,(anonymous_1)
FN:28,(anonymous_2)
FN:30,(anonymous_3)
FN:41,(anonymous_4)
FN:42,(anonymous_5)
FN:46,(anonymous_6)
FN:60,(anonymous_7)
FN:61,(anonymous_8)
FN:68,(anonymous_9)
FN:76,(anonymous_10)
FN:91,(anonymous_11)
FNF:11
FNH:1
FNDA:1,(anonymous_1)
FNDA:0,(anonymous_2)
FNDA:0,(anonymous_3)
FNDA:0,(anonymous_4)
FNDA:0,(anonymous_5)
FNDA:0,(anonymous_6)
FNDA:0,(anonymous_7)
FNDA:0,(anonymous_8)
FNDA:0,(anonymous_9)
FNDA:0,(anonymous_10)
FNDA:0,(anonymous_11)
DA:5,1
DA:7,1
DA:8,1
DA:9,1
DA:11,1
DA:19,1
DA:21,1
DA:23,1
DA:29,0
DA:30,0
DA:31,0
DA:32,0
DA:33,0
DA:34,0
DA:35,0
DA:37,0
DA:38,0
DA:42,0
DA:43,0
DA:47,0
DA:48,0
DA:49,0
DA:50,0
DA:52,0
DA:54,0
DA:55,0
DA:61,0
DA:62,0
DA:63,0
DA:64,0
DA:69,0
DA:70,0
DA:71,0
DA:72,0
DA:77,0
DA:78,0
DA:79,0
DA:80,0
DA:82,0
DA:83,0
DA:92,0
DA:93,0
LF:42
LH:8
BRDA:31,0,0,0
BRDA:32,1,0,0
BRDA:43,2,0,0
BRDA:54,3,0,0
BRDA:78,4,0,0
BRF:5
BRH:0
end_of_record
